Flutter crash report.
Please report a bug at https://github.com/flutter/flutter/issues.

## command

flutter --no-color pub get

## exception

FileSystemException: FileSystemException: Failed to decode data using encoding 'utf-8', path = 'D:\flutter_windows_3.3.6-stable\flutter\.pub-cache\hosted\pub.dartlang.org\webview_flutter_wkwebview-2.9.5\pubspec.yaml'

```
#0      _File._tryDecode (dart:io/file_impl.dart:564:7)
#1      _File.readAsStringSync (dart:io/file_impl.dart:584:7)
#2      ForwardingFile.readAsStringSync (package:file/src/forwarding/forwarding_file.dart:96:16)
#3      _pluginFromPackage (package:flutter_tools/src/flutter_plugins.dart:45:36)
#4      findPlugins (package:flutter_tools/src/flutter_plugins.dart:88:28)
<asynchronous suspension>
#5      PackagesGetCommand.usageValues (package:flutter_tools/src/commands/packages.dart:102:36)
<asynchronous suspension>
#6      FlutterCommand.verifyThenRunCommand (package:flutter_tools/src/runner/flutter_command.dart:1371:15)
<asynchronous suspension>
#7      FlutterCommand.run.<anonymous closure> (package:flutter_tools/src/runner/flutter_command.dart:1209:27)
<asynchronous suspension>
#8      AppContext.run.<anonymous closure> (package:flutter_tools/src/base/context.dart:150:19)
<asynchronous suspension>
#9      CommandRunner.runCommand (package:args/command_runner.dart:209:13)
<asynchronous suspension>
#10     FlutterCommandRunner.runCommand.<anonymous closure> (package:flutter_tools/src/runner/flutter_command_runner.dart:281:9)
<asynchronous suspension>
#11     AppContext.run.<anonymous closure> (package:flutter_tools/src/base/context.dart:150:19)
<asynchronous suspension>
#12     FlutterCommandRunner.runCommand (package:flutter_tools/src/runner/flutter_command_runner.dart:229:5)
<asynchronous suspension>
#13     run.<anonymous closure>.<anonymous closure> (package:flutter_tools/runner.dart:62:9)
<asynchronous suspension>
#14     AppContext.run.<anonymous closure> (package:flutter_tools/src/base/context.dart:150:19)
<asynchronous suspension>
#15     main (package:flutter_tools/executable.dart:91:3)
<asynchronous suspension>
```

## flutter doctor

```
[âœ“] Flutter (Channel stable, 3.3.6, on Microsoft Windows [Version 10.0.22621.290], locale en-IN)
    â€¢ Flutter version 3.3.6 on channel stable at D:\flutter_windows_3.3.6-stable\flutter
    â€¢ Upstream repository https://github.com/flutter/flutter.git
    â€¢ Framework revision 6928314d50 (3 months ago), 2022-10-25 16:34:41 -0400
    â€¢ Engine revision 3ad69d7be3
    â€¢ Dart version 2.18.2
    â€¢ DevTools version 2.15.0

[âœ“] Android toolchain - develop for Android devices (Android SDK version 33.0.1)
    â€¢ Android SDK at C:\Users\souda\AppData\Local\Android\sdk
    â€¢ Platform android-TiramisuPrivacySandbox, build-tools 33.0.1
    â€¢ Java binary at: C:\Program Files\Android\Android Studio\jre\bin\java
    â€¢ Java version OpenJDK Runtime Environment (build 11.0.13+0-b1751.21-8125866)
    â€¢ All Android licenses accepted.

[âœ“] Chrome - develop for the web
    â€¢ Chrome at C:\Program Files\Google\Chrome\Application\chrome.exe

[âœ“] Visual Studio - develop for Windows (Visual Studio Community 2022 17.3.6)
    â€¢ Visual Studio at C:\Program Files\Microsoft Visual Studio\2022\Community
    â€¢ Visual Studio Community 2022 version 17.3.32929.385
    â€¢ Windows 10 SDK version 10.0.19041.0

[âœ“] Android Studio (version 2021.3)
    â€¢ Android Studio at C:\Program Files\Android\Android Studio
    â€¢ Flutter plugin can be installed from:
      ðŸ”¨ https://plugins.jetbrains.com/plugin/9212-flutter
    â€¢ Dart plugin can be installed from:
      ðŸ”¨ https://plugins.jetbrains.com/plugin/6351-dart
    â€¢ Java version OpenJDK Runtime Environment (build 11.0.13+0-b1751.21-8125866)

[âœ“] VS Code (version 1.74.3)
    â€¢ VS Code at C:\Users\souda\AppData\Local\Programs\Microsoft VS Code
    â€¢ Flutter extension can be installed from:
      ðŸ”¨ https://marketplace.visualstudio.com/items?itemName=Dart-Code.flutter

[âœ“] Connected device (2 available)
    â€¢ Windows (desktop) â€¢ windows â€¢ windows-x64    â€¢ Microsoft Windows [Version 10.0.22621.290]
    â€¢ Chrome (web)      â€¢ chrome  â€¢ web-javascript â€¢ Google Chrome 109.0.5414.75

[!] HTTP Host Availability
    âœ— HTTP host "https://cocoapods.org/" is not reachable. Reason: An error occurred while checking the HTTP host: Failed host lookup: 'cocoapods.org'
    âœ— HTTP host "https://maven.google.com/" is not reachable. Reason: An error occurred while checking the HTTP host: Failed host lookup: 'maven.google.com'
    âœ— HTTP host "https://pub.dev/" is not reachable. Reason: An error occurred while checking the HTTP host: Failed host lookup: 'pub.dev'
    âœ— HTTP host "https://cloud.google.com/" is not reachable. Reason: An error occurred while checking the HTTP host: Failed host lookup: 'cloud.google.com'

! Doctor found issues in 1 category.
```
